
2023-01-31 17:16:14.912878: W tensorflow/stream_executor/platform/default/dso_loader.cc:55] Could not load dynamic library 'libcuda.so.1'; dlerror: libcuda.so.1: cannot open shared object file: No such file or directory; LD_LIBRARY_PATH: /cm/shared/apps/slurm/current/lib64/slurm:/cm/shared/apps/slurm/current/lib64
2023-01-31 17:16:14.913119: E tensorflow/stream_executor/cuda/cuda_driver.cc:318] failed call to cuInit: UNKNOWN ERROR (303)
2023-01-31 17:16:14.913159: I tensorflow/stream_executor/cuda/cuda_diagnostics.cc:156] kernel driver does not appear to be running on this host (c-3-13): /proc/driver/nvidia/version does not exist
2023-01-31 17:16:14.913368: I tensorflow/core/platform/cpu_feature_guard.cc:142] Your CPU supports instructions that this TensorFlow binary was not compiled to use: AVX2 FMA
2023-01-31 17:16:14.932579: I tensorflow/core/platform/profile_utils/cpu_utils.cc:94] CPU Frequency: 2497055000 Hz
2023-01-31 17:16:14.932681: I tensorflow/compiler/xla/service/service.cc:168] XLA service 0x555558db1020 executing computations on platform Host. Devices:
2023-01-31 17:16:14.932693: I tensorflow/compiler/xla/service/service.cc:175]   StreamExecutor device (0): Host, Default Version
2023-01-31 17:17:25.734501: W tensorflow/core/framework/cpu_allocator_impl.cc:81] Allocation of 2415919104 exceeds 10% of system memory.
2023-01-31 17:17:26.574493: W tensorflow/core/framework/cpu_allocator_impl.cc:81] Allocation of 3623878656 exceeds 10% of system memory.
2023-01-31 17:23:44.078083: W tensorflow/core/framework/cpu_allocator_impl.cc:81] Allocation of 2415919104 exceeds 10% of system memory.
2023-01-31 17:23:44.923240: W tensorflow/core/framework/cpu_allocator_impl.cc:81] Allocation of 3623878656 exceeds 10% of system memory.
Using TensorFlow backend.

SynthSeg-robust 2.0

using 1 thread
predicting 1/1

segmentation  saved in:    /mnt/isilon/bgdlab_resnas03/Data/16p/derivatives/synthseg+/sub-14729/ses-0005/sub-14729_ses-0005_acq-VARIANTDim2SizeDim3Size_run-0002_T1w/sub-14729_ses-0005_acq-VARIANTDim2SizeDim3Size_run-0002_T1w_synthseg.nii.gz
posteriors saved in:       /mnt/isilon/bgdlab_resnas03/Data/16p/derivatives/synthseg+/sub-14729/ses-0005/sub-14729_ses-0005_acq-VARIANTDim2SizeDim3Size_run-0002_T1w/posterior_probability_maps.nii.gz
volumes saved in:          /mnt/isilon/bgdlab_resnas03/Data/16p/derivatives/synthseg+/sub-14729/ses-0005/sub-14729_ses-0005_acq-VARIANTDim2SizeDim3Size_run-0002_T1w/volumes.csv
QC scores saved in:        /mnt/isilon/bgdlab_resnas03/Data/16p/derivatives/synthseg+/sub-14729/ses-0005/sub-14729_ses-0005_acq-VARIANTDim2SizeDim3Size_run-0002_T1w/qc_scores.csv

If you use the new robust version of SynthSeg in a publication, please cite:
Robust Segmentation of Brain MRI in the Wild with Hierarchical CNNs and no Retraining
B. Billot, M. Collin, S.E. Arnold, S. Das, J.E. Iglesias

real	11m52.655s
user	11m28.460s
sys	0m15.864s
Job finished running!
