
2023-01-31 19:08:27.633216: W tensorflow/stream_executor/platform/default/dso_loader.cc:55] Could not load dynamic library 'libcuda.so.1'; dlerror: libcuda.so.1: cannot open shared object file: No such file or directory; LD_LIBRARY_PATH: /cm/shared/apps/slurm/current/lib64/slurm:/cm/shared/apps/slurm/current/lib64
2023-01-31 19:08:27.633401: E tensorflow/stream_executor/cuda/cuda_driver.cc:318] failed call to cuInit: UNKNOWN ERROR (303)
2023-01-31 19:08:27.633441: I tensorflow/stream_executor/cuda/cuda_diagnostics.cc:156] kernel driver does not appear to be running on this host (c-0-21): /proc/driver/nvidia/version does not exist
2023-01-31 19:08:27.633688: I tensorflow/core/platform/cpu_feature_guard.cc:142] Your CPU supports instructions that this TensorFlow binary was not compiled to use: AVX2 FMA
2023-01-31 19:08:27.652936: I tensorflow/core/platform/profile_utils/cpu_utils.cc:94] CPU Frequency: 2197690000 Hz
2023-01-31 19:08:27.653071: I tensorflow/compiler/xla/service/service.cc:168] XLA service 0x55555917c440 executing computations on platform Host. Devices:
2023-01-31 19:08:27.653084: I tensorflow/compiler/xla/service/service.cc:175]   StreamExecutor device (0): Host, Default Version
Using TensorFlow backend.

SynthSeg-robust 2.0

using 1 thread
predicting 1/1

segmentation  saved in:    /mnt/isilon/bgdlab_resnas03/Data/16p/derivatives/synthseg+/sub-14791/ses-0026/sub-14791_ses-0026_acq-TSEVARIANTEchoTimeFlipAngleParallelReductionFactorInPlanePartialFourierDim2SizeDim3SizeObliquityVoxelSizeDim3ImageOrientation_run-0001_T1w/sub-14791_ses-0026_acq-TSEVARIANTEchoTimeFlipAngleParallelReductionFactorInPlanePartialFourierDim2SizeDim3SizeObliquityVoxelSizeDim3ImageOrientation_run-0001_T1w_synthseg.nii.gz
posteriors saved in:       /mnt/isilon/bgdlab_resnas03/Data/16p/derivatives/synthseg+/sub-14791/ses-0026/sub-14791_ses-0026_acq-TSEVARIANTEchoTimeFlipAngleParallelReductionFactorInPlanePartialFourierDim2SizeDim3SizeObliquityVoxelSizeDim3ImageOrientation_run-0001_T1w/posterior_probability_maps.nii.gz
volumes saved in:          /mnt/isilon/bgdlab_resnas03/Data/16p/derivatives/synthseg+/sub-14791/ses-0026/sub-14791_ses-0026_acq-TSEVARIANTEchoTimeFlipAngleParallelReductionFactorInPlanePartialFourierDim2SizeDim3SizeObliquityVoxelSizeDim3ImageOrientation_run-0001_T1w/volumes.csv
QC scores saved in:        /mnt/isilon/bgdlab_resnas03/Data/16p/derivatives/synthseg+/sub-14791/ses-0026/sub-14791_ses-0026_acq-TSEVARIANTEchoTimeFlipAngleParallelReductionFactorInPlanePartialFourierDim2SizeDim3SizeObliquityVoxelSizeDim3ImageOrientation_run-0001_T1w/qc_scores.csv

If you use the new robust version of SynthSeg in a publication, please cite:
Robust Segmentation of Brain MRI in the Wild with Hierarchical CNNs and no Retraining
B. Billot, M. Collin, S.E. Arnold, S. Das, J.E. Iglesias

real	10m23.860s
user	10m1.778s
sys	0m14.614s
Job finished running!
