
2023-01-31 17:38:40.604372: W tensorflow/stream_executor/platform/default/dso_loader.cc:55] Could not load dynamic library 'libcuda.so.1'; dlerror: libcuda.so.1: cannot open shared object file: No such file or directory; LD_LIBRARY_PATH: /cm/shared/apps/slurm/current/lib64/slurm:/cm/shared/apps/slurm/current/lib64
2023-01-31 17:38:40.604613: E tensorflow/stream_executor/cuda/cuda_driver.cc:318] failed call to cuInit: UNKNOWN ERROR (303)
2023-01-31 17:38:40.604654: I tensorflow/stream_executor/cuda/cuda_diagnostics.cc:156] kernel driver does not appear to be running on this host (c-0-14): /proc/driver/nvidia/version does not exist
2023-01-31 17:38:40.604914: I tensorflow/core/platform/cpu_feature_guard.cc:142] Your CPU supports instructions that this TensorFlow binary was not compiled to use: AVX2 FMA
2023-01-31 17:38:40.624066: I tensorflow/core/platform/profile_utils/cpu_utils.cc:94] CPU Frequency: 2197495000 Hz
2023-01-31 17:38:40.624273: I tensorflow/compiler/xla/service/service.cc:168] XLA service 0x555559175f90 executing computations on platform Host. Devices:
2023-01-31 17:38:40.624286: I tensorflow/compiler/xla/service/service.cc:175]   StreamExecutor device (0): Host, Default Version
Using TensorFlow backend.

SynthSeg-robust 2.0

using 1 thread
predicting 1/1

segmentation  saved in:    /mnt/isilon/bgdlab_resnas03/Data/16p/derivatives/synthseg+/sub-14741/ses-0022/sub-14741_ses-0022_acq-VARIANTEchoTimeRepetitionTimeObliquity_run-0001_T1w/sub-14741_ses-0022_acq-VARIANTEchoTimeRepetitionTimeObliquity_run-0001_T1w_synthseg.nii.gz
posteriors saved in:       /mnt/isilon/bgdlab_resnas03/Data/16p/derivatives/synthseg+/sub-14741/ses-0022/sub-14741_ses-0022_acq-VARIANTEchoTimeRepetitionTimeObliquity_run-0001_T1w/posterior_probability_maps.nii.gz
volumes saved in:          /mnt/isilon/bgdlab_resnas03/Data/16p/derivatives/synthseg+/sub-14741/ses-0022/sub-14741_ses-0022_acq-VARIANTEchoTimeRepetitionTimeObliquity_run-0001_T1w/volumes.csv
QC scores saved in:        /mnt/isilon/bgdlab_resnas03/Data/16p/derivatives/synthseg+/sub-14741/ses-0022/sub-14741_ses-0022_acq-VARIANTEchoTimeRepetitionTimeObliquity_run-0001_T1w/qc_scores.csv

If you use the new robust version of SynthSeg in a publication, please cite:
Robust Segmentation of Brain MRI in the Wild with Hierarchical CNNs and no Retraining
B. Billot, M. Collin, S.E. Arnold, S. Das, J.E. Iglesias

real	12m34.948s
user	12m10.326s
sys	0m16.876s
Job finished running!
