
2023-01-31 20:07:31.092963: W tensorflow/stream_executor/platform/default/dso_loader.cc:55] Could not load dynamic library 'libcuda.so.1'; dlerror: libcuda.so.1: cannot open shared object file: No such file or directory; LD_LIBRARY_PATH: /cm/shared/apps/slurm/current/lib64/slurm:/cm/shared/apps/slurm/current/lib64
2023-01-31 20:07:31.093143: E tensorflow/stream_executor/cuda/cuda_driver.cc:318] failed call to cuInit: UNKNOWN ERROR (303)
2023-01-31 20:07:31.093183: I tensorflow/stream_executor/cuda/cuda_diagnostics.cc:156] kernel driver does not appear to be running on this host (c-1-19): /proc/driver/nvidia/version does not exist
2023-01-31 20:07:31.093408: I tensorflow/core/platform/cpu_feature_guard.cc:142] Your CPU supports instructions that this TensorFlow binary was not compiled to use: AVX2 FMA
2023-01-31 20:07:31.112966: I tensorflow/core/platform/profile_utils/cpu_utils.cc:94] CPU Frequency: 2197435000 Hz
2023-01-31 20:07:31.113080: I tensorflow/compiler/xla/service/service.cc:168] XLA service 0x55555917a5a0 executing computations on platform Host. Devices:
2023-01-31 20:07:31.113092: I tensorflow/compiler/xla/service/service.cc:175]   StreamExecutor device (0): Host, Default Version
Using TensorFlow backend.

SynthSeg-robust 2.0

using 1 thread
predicting 1/1

segmentation  saved in:    /mnt/isilon/bgdlab_resnas03/Data/16p/derivatives/synthseg+/sub-14872/ses-0016/sub-14872_ses-0016_acq-TSEVARIANTEchoTimeFlipAngleParallelReductionFactorInPlanePartialFourierDim1SizeDim2SizeDim3SizeObliquityVoxelSizeDim1VoxelSizeDim2VoxelSizeDim3ImageOrientation_run-0001_T1w/sub-14872_ses-0016_acq-TSEVARIANTEchoTimeFlipAngleParallelReductionFactorInPlanePartialFourierDim1SizeDim2SizeDim3SizeObliquityVoxelSizeDim1VoxelSizeDim2VoxelSizeDim3ImageOrientation_run-0001_T1w_synthseg.nii.gz
posteriors saved in:       /mnt/isilon/bgdlab_resnas03/Data/16p/derivatives/synthseg+/sub-14872/ses-0016/sub-14872_ses-0016_acq-TSEVARIANTEchoTimeFlipAngleParallelReductionFactorInPlanePartialFourierDim1SizeDim2SizeDim3SizeObliquityVoxelSizeDim1VoxelSizeDim2VoxelSizeDim3ImageOrientation_run-0001_T1w/posterior_probability_maps.nii.gz
volumes saved in:          /mnt/isilon/bgdlab_resnas03/Data/16p/derivatives/synthseg+/sub-14872/ses-0016/sub-14872_ses-0016_acq-TSEVARIANTEchoTimeFlipAngleParallelReductionFactorInPlanePartialFourierDim1SizeDim2SizeDim3SizeObliquityVoxelSizeDim1VoxelSizeDim2VoxelSizeDim3ImageOrientation_run-0001_T1w/volumes.csv
QC scores saved in:        /mnt/isilon/bgdlab_resnas03/Data/16p/derivatives/synthseg+/sub-14872/ses-0016/sub-14872_ses-0016_acq-TSEVARIANTEchoTimeFlipAngleParallelReductionFactorInPlanePartialFourierDim1SizeDim2SizeDim3SizeObliquityVoxelSizeDim1VoxelSizeDim2VoxelSizeDim3ImageOrientation_run-0001_T1w/qc_scores.csv

If you use the new robust version of SynthSeg in a publication, please cite:
Robust Segmentation of Brain MRI in the Wild with Hierarchical CNNs and no Retraining
B. Billot, M. Collin, S.E. Arnold, S. Das, J.E. Iglesias

real	9m29.147s
user	9m4.532s
sys	0m17.350s
Job finished running!
