
2023-01-31 20:05:11.260126: W tensorflow/stream_executor/platform/default/dso_loader.cc:55] Could not load dynamic library 'libcuda.so.1'; dlerror: libcuda.so.1: cannot open shared object file: No such file or directory; LD_LIBRARY_PATH: /cm/shared/apps/slurm/current/lib64/slurm:/cm/shared/apps/slurm/current/lib64
2023-01-31 20:05:11.260349: E tensorflow/stream_executor/cuda/cuda_driver.cc:318] failed call to cuInit: UNKNOWN ERROR (303)
2023-01-31 20:05:11.260389: I tensorflow/stream_executor/cuda/cuda_diagnostics.cc:156] kernel driver does not appear to be running on this host (c-2-03): /proc/driver/nvidia/version does not exist
2023-01-31 20:05:11.260587: I tensorflow/core/platform/cpu_feature_guard.cc:142] Your CPU supports instructions that this TensorFlow binary was not compiled to use: AVX2 FMA
2023-01-31 20:05:11.279136: I tensorflow/core/platform/profile_utils/cpu_utils.cc:94] CPU Frequency: 2497090000 Hz
2023-01-31 20:05:11.279245: I tensorflow/compiler/xla/service/service.cc:168] XLA service 0x555559175f90 executing computations on platform Host. Devices:
2023-01-31 20:05:11.279256: I tensorflow/compiler/xla/service/service.cc:175]   StreamExecutor device (0): Host, Default Version
2023-01-31 20:06:44.201330: W tensorflow/core/framework/cpu_allocator_impl.cc:81] Allocation of 4831838208 exceeds 10% of system memory.
2023-01-31 20:15:29.127260: W tensorflow/core/framework/cpu_allocator_impl.cc:81] Allocation of 4831838208 exceeds 10% of system memory.
Using TensorFlow backend.

SynthSeg-robust 2.0

using 1 thread
predicting 1/1

segmentation  saved in:    /mnt/isilon/bgdlab_resnas03/Data/16p/derivatives/synthseg+/sub-14872/ses-0013/sub-14872_ses-0013_acq-VARIANTEchoTimeRepetitionTimeObliquity_run-0002_T1w/sub-14872_ses-0013_acq-VARIANTEchoTimeRepetitionTimeObliquity_run-0002_T1w_synthseg.nii.gz
posteriors saved in:       /mnt/isilon/bgdlab_resnas03/Data/16p/derivatives/synthseg+/sub-14872/ses-0013/sub-14872_ses-0013_acq-VARIANTEchoTimeRepetitionTimeObliquity_run-0002_T1w/posterior_probability_maps.nii.gz
volumes saved in:          /mnt/isilon/bgdlab_resnas03/Data/16p/derivatives/synthseg+/sub-14872/ses-0013/sub-14872_ses-0013_acq-VARIANTEchoTimeRepetitionTimeObliquity_run-0002_T1w/volumes.csv
QC scores saved in:        /mnt/isilon/bgdlab_resnas03/Data/16p/derivatives/synthseg+/sub-14872/ses-0013/sub-14872_ses-0013_acq-VARIANTEchoTimeRepetitionTimeObliquity_run-0002_T1w/qc_scores.csv

If you use the new robust version of SynthSeg in a publication, please cite:
Robust Segmentation of Brain MRI in the Wild with Hierarchical CNNs and no Retraining
B. Billot, M. Collin, S.E. Arnold, S. Das, J.E. Iglesias

real	15m17.214s
user	14m26.390s
sys	0m39.431s
Job finished running!
