
2023-01-31 20:31:38.207957: W tensorflow/stream_executor/platform/default/dso_loader.cc:55] Could not load dynamic library 'libcuda.so.1'; dlerror: libcuda.so.1: cannot open shared object file: No such file or directory; LD_LIBRARY_PATH: /cm/shared/apps/slurm/current/lib64/slurm:/cm/shared/apps/slurm/current/lib64
2023-01-31 20:31:38.208173: E tensorflow/stream_executor/cuda/cuda_driver.cc:318] failed call to cuInit: UNKNOWN ERROR (303)
2023-01-31 20:31:38.208223: I tensorflow/stream_executor/cuda/cuda_diagnostics.cc:156] kernel driver does not appear to be running on this host (c-0-16): /proc/driver/nvidia/version does not exist
2023-01-31 20:31:38.208483: I tensorflow/core/platform/cpu_feature_guard.cc:142] Your CPU supports instructions that this TensorFlow binary was not compiled to use: AVX2 FMA
2023-01-31 20:31:38.228551: I tensorflow/core/platform/profile_utils/cpu_utils.cc:94] CPU Frequency: 2197485000 Hz
2023-01-31 20:31:38.228728: I tensorflow/compiler/xla/service/service.cc:168] XLA service 0x5555591cea60 executing computations on platform Host. Devices:
2023-01-31 20:31:38.228742: I tensorflow/compiler/xla/service/service.cc:175]   StreamExecutor device (0): Host, Default Version
2023-01-31 20:32:49.345303: W tensorflow/core/framework/cpu_allocator_impl.cc:81] Allocation of 2013265920 exceeds 10% of system memory.
2023-01-31 20:32:50.817415: W tensorflow/core/framework/cpu_allocator_impl.cc:81] Allocation of 3019898880 exceeds 10% of system memory.
2023-01-31 20:36:12.190760: W tensorflow/core/framework/cpu_allocator_impl.cc:81] Allocation of 1342177280 exceeds 10% of system memory.
2023-01-31 20:39:10.801464: W tensorflow/core/framework/cpu_allocator_impl.cc:81] Allocation of 2013265920 exceeds 10% of system memory.
2023-01-31 20:39:11.621239: W tensorflow/core/framework/cpu_allocator_impl.cc:81] Allocation of 3019898880 exceeds 10% of system memory.
Using TensorFlow backend.

SynthSeg-robust 2.0

using 1 thread
predicting 1/1

segmentation  saved in:    /mnt/isilon/bgdlab_resnas03/Data/16p/derivatives/synthseg+/sub-14895/ses-0003/sub-14895_ses-0003_acq-VARIANTEchoTimeFlipAngleParallelReductionFactorInPlanePartialFourierRepetitionTimeDim3Size_run-0001_T1w/sub-14895_ses-0003_acq-VARIANTEchoTimeFlipAngleParallelReductionFactorInPlanePartialFourierRepetitionTimeDim3Size_run-0001_T1w_synthseg.nii.gz
posteriors saved in:       /mnt/isilon/bgdlab_resnas03/Data/16p/derivatives/synthseg+/sub-14895/ses-0003/sub-14895_ses-0003_acq-VARIANTEchoTimeFlipAngleParallelReductionFactorInPlanePartialFourierRepetitionTimeDim3Size_run-0001_T1w/posterior_probability_maps.nii.gz
volumes saved in:          /mnt/isilon/bgdlab_resnas03/Data/16p/derivatives/synthseg+/sub-14895/ses-0003/sub-14895_ses-0003_acq-VARIANTEchoTimeFlipAngleParallelReductionFactorInPlanePartialFourierRepetitionTimeDim3Size_run-0001_T1w/volumes.csv
QC scores saved in:        /mnt/isilon/bgdlab_resnas03/Data/16p/derivatives/synthseg+/sub-14895/ses-0003/sub-14895_ses-0003_acq-VARIANTEchoTimeFlipAngleParallelReductionFactorInPlanePartialFourierRepetitionTimeDim3Size_run-0001_T1w/qc_scores.csv

If you use the new robust version of SynthSeg in a publication, please cite:
Robust Segmentation of Brain MRI in the Wild with Hierarchical CNNs and no Retraining
B. Billot, M. Collin, S.E. Arnold, S. Das, J.E. Iglesias

real	11m56.082s
user	11m18.490s
sys	0m24.411s
Job finished running!
