
2023-01-31 17:20:22.137026: W tensorflow/stream_executor/platform/default/dso_loader.cc:55] Could not load dynamic library 'libcuda.so.1'; dlerror: libcuda.so.1: cannot open shared object file: No such file or directory; LD_LIBRARY_PATH: /cm/shared/apps/slurm/current/lib64/slurm:/cm/shared/apps/slurm/current/lib64
2023-01-31 17:20:22.137319: E tensorflow/stream_executor/cuda/cuda_driver.cc:318] failed call to cuInit: UNKNOWN ERROR (303)
2023-01-31 17:20:22.137363: I tensorflow/stream_executor/cuda/cuda_diagnostics.cc:156] kernel driver does not appear to be running on this host (c-3-20): /proc/driver/nvidia/version does not exist
2023-01-31 17:20:22.137589: I tensorflow/core/platform/cpu_feature_guard.cc:142] Your CPU supports instructions that this TensorFlow binary was not compiled to use: AVX2 FMA
2023-01-31 17:20:22.156905: I tensorflow/core/platform/profile_utils/cpu_utils.cc:94] CPU Frequency: 2497080000 Hz
2023-01-31 17:20:22.157069: I tensorflow/compiler/xla/service/service.cc:168] XLA service 0x55555909e0d0 executing computations on platform Host. Devices:
2023-01-31 17:20:22.157083: I tensorflow/compiler/xla/service/service.cc:175]   StreamExecutor device (0): Host, Default Version
2023-01-31 17:21:22.094965: W tensorflow/core/framework/cpu_allocator_impl.cc:81] Allocation of 3019898880 exceeds 10% of system memory.
2023-01-31 17:26:57.540204: W tensorflow/core/framework/cpu_allocator_impl.cc:81] Allocation of 3019898880 exceeds 10% of system memory.
Using TensorFlow backend.

SynthSeg-robust 2.0

using 1 thread
predicting 1/1

segmentation  saved in:    /mnt/isilon/bgdlab_resnas03/Data/16p/derivatives/synthseg+/sub-14733/ses-0015/sub-14733_ses-0015_acq-MPRHighResVolume_T1w/sub-14733_ses-0015_acq-MPRHighResVolume_T1w_synthseg.nii.gz
posteriors saved in:       /mnt/isilon/bgdlab_resnas03/Data/16p/derivatives/synthseg+/sub-14733/ses-0015/sub-14733_ses-0015_acq-MPRHighResVolume_T1w/posterior_probability_maps.nii.gz
volumes saved in:          /mnt/isilon/bgdlab_resnas03/Data/16p/derivatives/synthseg+/sub-14733/ses-0015/sub-14733_ses-0015_acq-MPRHighResVolume_T1w/volumes.csv
QC scores saved in:        /mnt/isilon/bgdlab_resnas03/Data/16p/derivatives/synthseg+/sub-14733/ses-0015/sub-14733_ses-0015_acq-MPRHighResVolume_T1w/qc_scores.csv

If you use the new robust version of SynthSeg in a publication, please cite:
Robust Segmentation of Brain MRI in the Wild with Hierarchical CNNs and no Retraining
B. Billot, M. Collin, S.E. Arnold, S. Das, J.E. Iglesias

real	10m45.829s
user	10m22.219s
sys	0m13.472s
Job finished running!
