
2023-01-31 20:42:46.613703: W tensorflow/stream_executor/platform/default/dso_loader.cc:55] Could not load dynamic library 'libcuda.so.1'; dlerror: libcuda.so.1: cannot open shared object file: No such file or directory; LD_LIBRARY_PATH: /cm/shared/apps/slurm/current/lib64/slurm:/cm/shared/apps/slurm/current/lib64
2023-01-31 20:42:46.613928: E tensorflow/stream_executor/cuda/cuda_driver.cc:318] failed call to cuInit: UNKNOWN ERROR (303)
2023-01-31 20:42:46.613972: I tensorflow/stream_executor/cuda/cuda_diagnostics.cc:156] kernel driver does not appear to be running on this host (c-1-18): /proc/driver/nvidia/version does not exist
2023-01-31 20:42:46.614225: I tensorflow/core/platform/cpu_feature_guard.cc:142] Your CPU supports instructions that this TensorFlow binary was not compiled to use: AVX2 FMA
2023-01-31 20:42:46.633866: I tensorflow/core/platform/profile_utils/cpu_utils.cc:94] CPU Frequency: 2197640000 Hz
2023-01-31 20:42:46.633999: I tensorflow/compiler/xla/service/service.cc:168] XLA service 0x55555917bf80 executing computations on platform Host. Devices:
2023-01-31 20:42:46.634013: I tensorflow/compiler/xla/service/service.cc:175]   StreamExecutor device (0): Host, Default Version
2023-01-31 20:43:49.705233: W tensorflow/core/framework/cpu_allocator_impl.cc:81] Allocation of 1761607680 exceeds 10% of system memory.
2023-01-31 20:43:50.387987: W tensorflow/core/framework/cpu_allocator_impl.cc:81] Allocation of 2642411520 exceeds 10% of system memory.
2023-01-31 20:46:39.324741: W tensorflow/core/framework/cpu_allocator_impl.cc:81] Allocation of 1174405120 exceeds 10% of system memory.
2023-01-31 20:49:04.188837: W tensorflow/core/framework/cpu_allocator_impl.cc:81] Allocation of 1761607680 exceeds 10% of system memory.
2023-01-31 20:49:04.879076: W tensorflow/core/framework/cpu_allocator_impl.cc:81] Allocation of 2642411520 exceeds 10% of system memory.
Using TensorFlow backend.

SynthSeg-robust 2.0

using 1 thread
predicting 1/1

segmentation  saved in:    /mnt/isilon/bgdlab_resnas03/Data/16p/derivatives/synthseg+/sub-14927/ses-0002/sub-14927_ses-0002_acq-TSEVARIANTEchoTimeFlipAngleParallelReductionFactorInPlanePartialFourierRepetitionTimeDim1SizeDim2SizeDim3SizeObliquityVoxelSizeDim1VoxelSizeDim2VoxelSizeDim3ImageOrientation_run-0002_T1w/sub-14927_ses-0002_acq-TSEVARIANTEchoTimeFlipAngleParallelReductionFactorInPlanePartialFourierRepetitionTimeDim1SizeDim2SizeDim3SizeObliquityVoxelSizeDim1VoxelSizeDim2VoxelSizeDim3ImageOrientation_run-0002_T1w_synthseg.nii.gz
posteriors saved in:       /mnt/isilon/bgdlab_resnas03/Data/16p/derivatives/synthseg+/sub-14927/ses-0002/sub-14927_ses-0002_acq-TSEVARIANTEchoTimeFlipAngleParallelReductionFactorInPlanePartialFourierRepetitionTimeDim1SizeDim2SizeDim3SizeObliquityVoxelSizeDim1VoxelSizeDim2VoxelSizeDim3ImageOrientation_run-0002_T1w/posterior_probability_maps.nii.gz
volumes saved in:          /mnt/isilon/bgdlab_resnas03/Data/16p/derivatives/synthseg+/sub-14927/ses-0002/sub-14927_ses-0002_acq-TSEVARIANTEchoTimeFlipAngleParallelReductionFactorInPlanePartialFourierRepetitionTimeDim1SizeDim2SizeDim3SizeObliquityVoxelSizeDim1VoxelSizeDim2VoxelSizeDim3ImageOrientation_run-0002_T1w/volumes.csv
QC scores saved in:        /mnt/isilon/bgdlab_resnas03/Data/16p/derivatives/synthseg+/sub-14927/ses-0002/sub-14927_ses-0002_acq-TSEVARIANTEchoTimeFlipAngleParallelReductionFactorInPlanePartialFourierRepetitionTimeDim1SizeDim2SizeDim3SizeObliquityVoxelSizeDim1VoxelSizeDim2VoxelSizeDim3ImageOrientation_run-0002_T1w/qc_scores.csv

If you use the new robust version of SynthSeg in a publication, please cite:
Robust Segmentation of Brain MRI in the Wild with Hierarchical CNNs and no Retraining
B. Billot, M. Collin, S.E. Arnold, S. Das, J.E. Iglesias

real	10m50.706s
user	10m25.955s
sys	0m16.213s
Job finished running!
