
2023-01-31 18:47:51.783770: W tensorflow/stream_executor/platform/default/dso_loader.cc:55] Could not load dynamic library 'libcuda.so.1'; dlerror: libcuda.so.1: cannot open shared object file: No such file or directory; LD_LIBRARY_PATH: /cm/shared/apps/slurm/current/lib64/slurm:/cm/shared/apps/slurm/current/lib64
2023-01-31 18:47:51.784065: E tensorflow/stream_executor/cuda/cuda_driver.cc:318] failed call to cuInit: UNKNOWN ERROR (303)
2023-01-31 18:47:51.784115: I tensorflow/stream_executor/cuda/cuda_diagnostics.cc:156] kernel driver does not appear to be running on this host (c-3-20): /proc/driver/nvidia/version does not exist
2023-01-31 18:47:51.784399: I tensorflow/core/platform/cpu_feature_guard.cc:142] Your CPU supports instructions that this TensorFlow binary was not compiled to use: AVX2 FMA
2023-01-31 18:47:51.802877: I tensorflow/core/platform/profile_utils/cpu_utils.cc:94] CPU Frequency: 2497080000 Hz
2023-01-31 18:47:51.803022: I tensorflow/compiler/xla/service/service.cc:168] XLA service 0x555559175f90 executing computations on platform Host. Devices:
2023-01-31 18:47:51.803035: I tensorflow/compiler/xla/service/service.cc:175]   StreamExecutor device (0): Host, Default Version
2023-01-31 18:49:04.553709: W tensorflow/core/framework/cpu_allocator_impl.cc:81] Allocation of 2415919104 exceeds 10% of system memory.
2023-01-31 18:49:05.398602: W tensorflow/core/framework/cpu_allocator_impl.cc:81] Allocation of 3623878656 exceeds 10% of system memory.
2023-01-31 18:52:40.089048: W tensorflow/core/framework/cpu_allocator_impl.cc:81] Allocation of 1610612736 exceeds 10% of system memory.
2023-01-31 18:55:39.399846: W tensorflow/core/framework/cpu_allocator_impl.cc:81] Allocation of 2415919104 exceeds 10% of system memory.
2023-01-31 18:55:40.245815: W tensorflow/core/framework/cpu_allocator_impl.cc:81] Allocation of 3623878656 exceeds 10% of system memory.
Using TensorFlow backend.

SynthSeg-robust 2.0

using 1 thread
predicting 1/1

segmentation  saved in:    /mnt/isilon/bgdlab_resnas03/Data/16p/derivatives/synthseg+/sub-14781/ses-0016/sub-14781_ses-0016_acq-VARIANTEchoTimeRepetitionTimeObliquity_run-0001_T1w/sub-14781_ses-0016_acq-VARIANTEchoTimeRepetitionTimeObliquity_run-0001_T1w_synthseg.nii.gz
posteriors saved in:       /mnt/isilon/bgdlab_resnas03/Data/16p/derivatives/synthseg+/sub-14781/ses-0016/sub-14781_ses-0016_acq-VARIANTEchoTimeRepetitionTimeObliquity_run-0001_T1w/posterior_probability_maps.nii.gz
volumes saved in:          /mnt/isilon/bgdlab_resnas03/Data/16p/derivatives/synthseg+/sub-14781/ses-0016/sub-14781_ses-0016_acq-VARIANTEchoTimeRepetitionTimeObliquity_run-0001_T1w/volumes.csv
QC scores saved in:        /mnt/isilon/bgdlab_resnas03/Data/16p/derivatives/synthseg+/sub-14781/ses-0016/sub-14781_ses-0016_acq-VARIANTEchoTimeRepetitionTimeObliquity_run-0001_T1w/qc_scores.csv

If you use the new robust version of SynthSeg in a publication, please cite:
Robust Segmentation of Brain MRI in the Wild with Hierarchical CNNs and no Retraining
B. Billot, M. Collin, S.E. Arnold, S. Das, J.E. Iglesias

real	12m15.994s
user	11m50.534s
sys	0m15.586s
Job finished running!
