
2023-01-31 17:56:43.780684: W tensorflow/stream_executor/platform/default/dso_loader.cc:55] Could not load dynamic library 'libcuda.so.1'; dlerror: libcuda.so.1: cannot open shared object file: No such file or directory; LD_LIBRARY_PATH: /cm/shared/apps/slurm/current/lib64/slurm:/cm/shared/apps/slurm/current/lib64
2023-01-31 17:56:43.780924: E tensorflow/stream_executor/cuda/cuda_driver.cc:318] failed call to cuInit: UNKNOWN ERROR (303)
2023-01-31 17:56:43.780967: I tensorflow/stream_executor/cuda/cuda_diagnostics.cc:156] kernel driver does not appear to be running on this host (c-1-05): /proc/driver/nvidia/version does not exist
2023-01-31 17:56:43.781221: I tensorflow/core/platform/cpu_feature_guard.cc:142] Your CPU supports instructions that this TensorFlow binary was not compiled to use: AVX2 FMA
2023-01-31 17:56:43.800691: I tensorflow/core/platform/profile_utils/cpu_utils.cc:94] CPU Frequency: 2197530000 Hz
2023-01-31 17:56:43.800814: I tensorflow/compiler/xla/service/service.cc:168] XLA service 0x5555591cf6d0 executing computations on platform Host. Devices:
2023-01-31 17:56:43.800842: I tensorflow/compiler/xla/service/service.cc:175]   StreamExecutor device (0): Host, Default Version
2023-01-31 17:58:11.332275: W tensorflow/core/framework/cpu_allocator_impl.cc:81] Allocation of 2548039680 exceeds 10% of system memory.
2023-01-31 17:58:12.306915: W tensorflow/core/framework/cpu_allocator_impl.cc:81] Allocation of 3822059520 exceeds 10% of system memory.
2023-01-31 18:05:50.643103: W tensorflow/core/framework/cpu_allocator_impl.cc:81] Allocation of 2548039680 exceeds 10% of system memory.
2023-01-31 18:05:51.583859: W tensorflow/core/framework/cpu_allocator_impl.cc:81] Allocation of 3822059520 exceeds 10% of system memory.
Using TensorFlow backend.

SynthSeg-robust 2.0

using 1 thread
predicting 1/1

segmentation  saved in:    /mnt/isilon/bgdlab_resnas03/Data/16p/derivatives/synthseg+/sub-14752/ses-0012/sub-14752_ses-0012_acq-TSEVARIANTEchoTimeImageOrientation_run-0002_T1w/sub-14752_ses-0012_acq-TSEVARIANTEchoTimeImageOrientation_run-0002_T1w_synthseg.nii.gz
posteriors saved in:       /mnt/isilon/bgdlab_resnas03/Data/16p/derivatives/synthseg+/sub-14752/ses-0012/sub-14752_ses-0012_acq-TSEVARIANTEchoTimeImageOrientation_run-0002_T1w/posterior_probability_maps.nii.gz
volumes saved in:          /mnt/isilon/bgdlab_resnas03/Data/16p/derivatives/synthseg+/sub-14752/ses-0012/sub-14752_ses-0012_acq-TSEVARIANTEchoTimeImageOrientation_run-0002_T1w/volumes.csv
QC scores saved in:        /mnt/isilon/bgdlab_resnas03/Data/16p/derivatives/synthseg+/sub-14752/ses-0012/sub-14752_ses-0012_acq-TSEVARIANTEchoTimeImageOrientation_run-0002_T1w/qc_scores.csv

If you use the new robust version of SynthSeg in a publication, please cite:
Robust Segmentation of Brain MRI in the Wild with Hierarchical CNNs and no Retraining
B. Billot, M. Collin, S.E. Arnold, S. Das, J.E. Iglesias

real	13m57.697s
user	13m27.395s
sys	0m19.424s
Job finished running!
