
2023-01-31 16:59:35.895055: W tensorflow/stream_executor/platform/default/dso_loader.cc:55] Could not load dynamic library 'libcuda.so.1'; dlerror: libcuda.so.1: cannot open shared object file: No such file or directory; LD_LIBRARY_PATH: /cm/shared/apps/slurm/current/lib64/slurm:/cm/shared/apps/slurm/current/lib64
2023-01-31 16:59:35.895272: E tensorflow/stream_executor/cuda/cuda_driver.cc:318] failed call to cuInit: UNKNOWN ERROR (303)
2023-01-31 16:59:35.895311: I tensorflow/stream_executor/cuda/cuda_diagnostics.cc:156] kernel driver does not appear to be running on this host (m-5-04): /proc/driver/nvidia/version does not exist
2023-01-31 16:59:35.895538: I tensorflow/core/platform/cpu_feature_guard.cc:142] Your CPU supports instructions that this TensorFlow binary was not compiled to use: AVX2 AVX512F FMA
2023-01-31 16:59:35.917334: I tensorflow/core/platform/profile_utils/cpu_utils.cc:94] CPU Frequency: 2300000000 Hz
2023-01-31 16:59:35.917459: I tensorflow/compiler/xla/service/service.cc:168] XLA service 0x555558fbd2f0 executing computations on platform Host. Devices:
2023-01-31 16:59:35.917467: I tensorflow/compiler/xla/service/service.cc:175]   StreamExecutor device (0): Host, Default Version
Using TensorFlow backend.

SynthSeg-robust 2.0

using 1 thread
predicting 1/1

segmentation  saved in:    /mnt/isilon/bgdlab_resnas03/Data/16p/derivatives/synthseg+/sub-14722/ses-0005/sub-14722_ses-0005_acq-MPRVARIANTEchoTimeParallelReductionFactorInPlanePartialFourierRepetitionTimeDim1SizeDim2SizeDim3SizeObliquityVoxelSizeDim2VoxelSizeDim3_run-0002_T1w/sub-14722_ses-0005_acq-MPRVARIANTEchoTimeParallelReductionFactorInPlanePartialFourierRepetitionTimeDim1SizeDim2SizeDim3SizeObliquityVoxelSizeDim2VoxelSizeDim3_run-0002_T1w_synthseg.nii.gz
posteriors saved in:       /mnt/isilon/bgdlab_resnas03/Data/16p/derivatives/synthseg+/sub-14722/ses-0005/sub-14722_ses-0005_acq-MPRVARIANTEchoTimeParallelReductionFactorInPlanePartialFourierRepetitionTimeDim1SizeDim2SizeDim3SizeObliquityVoxelSizeDim2VoxelSizeDim3_run-0002_T1w/posterior_probability_maps.nii.gz
volumes saved in:          /mnt/isilon/bgdlab_resnas03/Data/16p/derivatives/synthseg+/sub-14722/ses-0005/sub-14722_ses-0005_acq-MPRVARIANTEchoTimeParallelReductionFactorInPlanePartialFourierRepetitionTimeDim1SizeDim2SizeDim3SizeObliquityVoxelSizeDim2VoxelSizeDim3_run-0002_T1w/volumes.csv
QC scores saved in:        /mnt/isilon/bgdlab_resnas03/Data/16p/derivatives/synthseg+/sub-14722/ses-0005/sub-14722_ses-0005_acq-MPRVARIANTEchoTimeParallelReductionFactorInPlanePartialFourierRepetitionTimeDim1SizeDim2SizeDim3SizeObliquityVoxelSizeDim2VoxelSizeDim3_run-0002_T1w/qc_scores.csv

If you use the new robust version of SynthSeg in a publication, please cite:
Robust Segmentation of Brain MRI in the Wild with Hierarchical CNNs and no Retraining
B. Billot, M. Collin, S.E. Arnold, S. Das, J.E. Iglesias

real	7m2.298s
user	6m37.867s
sys	0m14.002s
Job finished running!
