
2023-01-31 18:32:05.135442: W tensorflow/stream_executor/platform/default/dso_loader.cc:55] Could not load dynamic library 'libcuda.so.1'; dlerror: libcuda.so.1: cannot open shared object file: No such file or directory; LD_LIBRARY_PATH: /cm/shared/apps/slurm/current/lib64/slurm:/cm/shared/apps/slurm/current/lib64
2023-01-31 18:32:05.135651: E tensorflow/stream_executor/cuda/cuda_driver.cc:318] failed call to cuInit: UNKNOWN ERROR (303)
2023-01-31 18:32:05.135728: I tensorflow/stream_executor/cuda/cuda_diagnostics.cc:156] kernel driver does not appear to be running on this host (m-4-01): /proc/driver/nvidia/version does not exist
2023-01-31 18:32:05.136037: I tensorflow/core/platform/cpu_feature_guard.cc:142] Your CPU supports instructions that this TensorFlow binary was not compiled to use: AVX2 AVX512F FMA
2023-01-31 18:32:05.161824: I tensorflow/core/platform/profile_utils/cpu_utils.cc:94] CPU Frequency: 2300000000 Hz
2023-01-31 18:32:05.162006: I tensorflow/compiler/xla/service/service.cc:168] XLA service 0x555559178620 executing computations on platform Host. Devices:
2023-01-31 18:32:05.162019: I tensorflow/compiler/xla/service/service.cc:175]   StreamExecutor device (0): Host, Default Version
Using TensorFlow backend.

SynthSeg-robust 2.0

using 1 thread
predicting 1/1

segmentation  saved in:    /mnt/isilon/bgdlab_resnas03/Data/16p/derivatives/synthseg+/sub-14767/ses-0028/sub-14767_ses-0028_acq-TSEVARIANTEchoTimeImageOrientation_run-0002_T1w/sub-14767_ses-0028_acq-TSEVARIANTEchoTimeImageOrientation_run-0002_T1w_synthseg.nii.gz
posteriors saved in:       /mnt/isilon/bgdlab_resnas03/Data/16p/derivatives/synthseg+/sub-14767/ses-0028/sub-14767_ses-0028_acq-TSEVARIANTEchoTimeImageOrientation_run-0002_T1w/posterior_probability_maps.nii.gz
volumes saved in:          /mnt/isilon/bgdlab_resnas03/Data/16p/derivatives/synthseg+/sub-14767/ses-0028/sub-14767_ses-0028_acq-TSEVARIANTEchoTimeImageOrientation_run-0002_T1w/volumes.csv
QC scores saved in:        /mnt/isilon/bgdlab_resnas03/Data/16p/derivatives/synthseg+/sub-14767/ses-0028/sub-14767_ses-0028_acq-TSEVARIANTEchoTimeImageOrientation_run-0002_T1w/qc_scores.csv

If you use the new robust version of SynthSeg in a publication, please cite:
Robust Segmentation of Brain MRI in the Wild with Hierarchical CNNs and no Retraining
B. Billot, M. Collin, S.E. Arnold, S. Das, J.E. Iglesias

real	16m16.666s
user	15m49.572s
sys	0m20.239s
Job finished running!
