
2023-01-31 17:53:44.973833: W tensorflow/stream_executor/platform/default/dso_loader.cc:55] Could not load dynamic library 'libcuda.so.1'; dlerror: libcuda.so.1: cannot open shared object file: No such file or directory; LD_LIBRARY_PATH: /cm/shared/apps/slurm/current/lib64/slurm:/cm/shared/apps/slurm/current/lib64
2023-01-31 17:53:44.974129: E tensorflow/stream_executor/cuda/cuda_driver.cc:318] failed call to cuInit: UNKNOWN ERROR (303)
2023-01-31 17:53:44.974182: I tensorflow/stream_executor/cuda/cuda_diagnostics.cc:156] kernel driver does not appear to be running on this host (c-3-07): /proc/driver/nvidia/version does not exist
2023-01-31 17:53:44.974378: I tensorflow/core/platform/cpu_feature_guard.cc:142] Your CPU supports instructions that this TensorFlow binary was not compiled to use: AVX2 FMA
2023-01-31 17:53:44.993219: I tensorflow/core/platform/profile_utils/cpu_utils.cc:94] CPU Frequency: 2497340000 Hz
2023-01-31 17:53:44.993327: I tensorflow/compiler/xla/service/service.cc:168] XLA service 0x55555917c440 executing computations on platform Host. Devices:
2023-01-31 17:53:44.993339: I tensorflow/compiler/xla/service/service.cc:175]   StreamExecutor device (0): Host, Default Version
Using TensorFlow backend.

SynthSeg-robust 2.0

using 1 thread
predicting 1/1

the following problem occured with image /mnt/isilon/bgdlab_resnas03/Data/16p/rawdata/sub-14750/ses-0015/anat/sub-14750_ses-0015_acq-TSEVARIANTEchoTimeFlipAngleParallelReductionFactorInPlanePartialFourierDim2SizeDim3SizeObliquityVoxelSizeDim3ImageOrientation_run-0001_T1w.nii.gz :
Traceback (most recent call last):
  File "/mnt/isilon/bgdlab_resnas03/code/SynthSeg-lib/SynthSeg/predict_synthseg.py", line 167, in predict
    path_resample=path_resampled[i])
  File "/mnt/isilon/bgdlab_resnas03/code/SynthSeg-lib/SynthSeg/predict_synthseg.py", line 428, in preprocess
    raise Exception('input should have 3 dimensions, had %s' % n_dims)
Exception: input should have 3 dimensions, had 2

resuming program execution


segmentation  saved in:    /mnt/isilon/bgdlab_resnas03/Data/16p/derivatives/synthseg+/sub-14750/ses-0015/sub-14750_ses-0015_acq-TSEVARIANTEchoTimeFlipAngleParallelReductionFactorInPlanePartialFourierDim2SizeDim3SizeObliquityVoxelSizeDim3ImageOrientation_run-0001_T1w/sub-14750_ses-0015_acq-TSEVARIANTEchoTimeFlipAngleParallelReductionFactorInPlanePartialFourierDim2SizeDim3SizeObliquityVoxelSizeDim3ImageOrientation_run-0001_T1w_synthseg.nii.gz
posteriors saved in:       /mnt/isilon/bgdlab_resnas03/Data/16p/derivatives/synthseg+/sub-14750/ses-0015/sub-14750_ses-0015_acq-TSEVARIANTEchoTimeFlipAngleParallelReductionFactorInPlanePartialFourierDim2SizeDim3SizeObliquityVoxelSizeDim3ImageOrientation_run-0001_T1w/posterior_probability_maps.nii.gz
volumes saved in:          /mnt/isilon/bgdlab_resnas03/Data/16p/derivatives/synthseg+/sub-14750/ses-0015/sub-14750_ses-0015_acq-TSEVARIANTEchoTimeFlipAngleParallelReductionFactorInPlanePartialFourierDim2SizeDim3SizeObliquityVoxelSizeDim3ImageOrientation_run-0001_T1w/volumes.csv
QC scores saved in:        /mnt/isilon/bgdlab_resnas03/Data/16p/derivatives/synthseg+/sub-14750/ses-0015/sub-14750_ses-0015_acq-TSEVARIANTEchoTimeFlipAngleParallelReductionFactorInPlanePartialFourierDim2SizeDim3SizeObliquityVoxelSizeDim3ImageOrientation_run-0001_T1w/qc_scores.csv

If you use the new robust version of SynthSeg in a publication, please cite:
Robust Segmentation of Brain MRI in the Wild with Hierarchical CNNs and no Retraining
B. Billot, M. Collin, S.E. Arnold, S. Das, J.E. Iglesias

ERROR: some problems occured for the following inputs (see corresponding errors above):
/mnt/isilon/bgdlab_resnas03/Data/16p/rawdata/sub-14750/ses-0015/anat/sub-14750_ses-0015_acq-TSEVARIANTEchoTimeFlipAngleParallelReductionFactorInPlanePartialFourierDim2SizeDim3SizeObliquityVoxelSizeDim3ImageOrientation_run-0001_T1w.nii.gz

real	0m16.749s
user	0m6.289s
sys	0m1.407s
Job finished running!
