
2023-01-31 20:47:08.505360: W tensorflow/stream_executor/platform/default/dso_loader.cc:55] Could not load dynamic library 'libcuda.so.1'; dlerror: libcuda.so.1: cannot open shared object file: No such file or directory; LD_LIBRARY_PATH: /cm/shared/apps/slurm/current/lib64/slurm:/cm/shared/apps/slurm/current/lib64
2023-01-31 20:47:08.505658: E tensorflow/stream_executor/cuda/cuda_driver.cc:318] failed call to cuInit: UNKNOWN ERROR (303)
2023-01-31 20:47:08.505696: I tensorflow/stream_executor/cuda/cuda_diagnostics.cc:156] kernel driver does not appear to be running on this host (c-3-12): /proc/driver/nvidia/version does not exist
2023-01-31 20:47:08.505897: I tensorflow/core/platform/cpu_feature_guard.cc:142] Your CPU supports instructions that this TensorFlow binary was not compiled to use: AVX2 FMA
2023-01-31 20:47:08.524241: I tensorflow/core/platform/profile_utils/cpu_utils.cc:94] CPU Frequency: 2497360000 Hz
2023-01-31 20:47:08.524345: I tensorflow/compiler/xla/service/service.cc:168] XLA service 0x55555909e0d0 executing computations on platform Host. Devices:
2023-01-31 20:47:08.524357: I tensorflow/compiler/xla/service/service.cc:175]   StreamExecutor device (0): Host, Default Version
2023-01-31 20:48:33.697771: W tensorflow/core/framework/cpu_allocator_impl.cc:81] Allocation of 2818572288 exceeds 10% of system memory.
2023-01-31 20:48:34.678705: W tensorflow/core/framework/cpu_allocator_impl.cc:81] Allocation of 4227858432 exceeds 10% of system memory.
2023-01-31 20:52:46.009132: W tensorflow/core/framework/cpu_allocator_impl.cc:81] Allocation of 1879048192 exceeds 10% of system memory.
2023-01-31 20:56:20.745946: W tensorflow/core/framework/cpu_allocator_impl.cc:81] Allocation of 2818572288 exceeds 10% of system memory.
2023-01-31 20:56:21.724879: W tensorflow/core/framework/cpu_allocator_impl.cc:81] Allocation of 4227858432 exceeds 10% of system memory.
Using TensorFlow backend.

SynthSeg-robust 2.0

using 1 thread
predicting 1/1

segmentation  saved in:    /mnt/isilon/bgdlab_resnas03/Data/16p/derivatives/synthseg+/sub-14942/ses-0008/sub-14942_ses-0008_acq-MPRHighResVolume_T1w/sub-14942_ses-0008_acq-MPRHighResVolume_T1w_synthseg.nii.gz
posteriors saved in:       /mnt/isilon/bgdlab_resnas03/Data/16p/derivatives/synthseg+/sub-14942/ses-0008/sub-14942_ses-0008_acq-MPRHighResVolume_T1w/posterior_probability_maps.nii.gz
volumes saved in:          /mnt/isilon/bgdlab_resnas03/Data/16p/derivatives/synthseg+/sub-14942/ses-0008/sub-14942_ses-0008_acq-MPRHighResVolume_T1w/volumes.csv
QC scores saved in:        /mnt/isilon/bgdlab_resnas03/Data/16p/derivatives/synthseg+/sub-14942/ses-0008/sub-14942_ses-0008_acq-MPRHighResVolume_T1w/qc_scores.csv

If you use the new robust version of SynthSeg in a publication, please cite:
Robust Segmentation of Brain MRI in the Wild with Hierarchical CNNs and no Retraining
B. Billot, M. Collin, S.E. Arnold, S. Das, J.E. Iglesias

real	14m9.314s
user	13m20.968s
sys	0m18.332s
Job finished running!
