
2023-01-31 17:28:23.159880: W tensorflow/stream_executor/platform/default/dso_loader.cc:55] Could not load dynamic library 'libcuda.so.1'; dlerror: libcuda.so.1: cannot open shared object file: No such file or directory; LD_LIBRARY_PATH: /cm/shared/apps/slurm/current/lib64/slurm:/cm/shared/apps/slurm/current/lib64
2023-01-31 17:28:23.160036: E tensorflow/stream_executor/cuda/cuda_driver.cc:318] failed call to cuInit: UNKNOWN ERROR (303)
2023-01-31 17:28:23.160081: I tensorflow/stream_executor/cuda/cuda_diagnostics.cc:156] kernel driver does not appear to be running on this host (c-1-05): /proc/driver/nvidia/version does not exist
2023-01-31 17:28:23.160337: I tensorflow/core/platform/cpu_feature_guard.cc:142] Your CPU supports instructions that this TensorFlow binary was not compiled to use: AVX2 FMA
2023-01-31 17:28:23.179738: I tensorflow/core/platform/profile_utils/cpu_utils.cc:94] CPU Frequency: 2197530000 Hz
2023-01-31 17:28:23.179896: I tensorflow/compiler/xla/service/service.cc:168] XLA service 0x555559175f90 executing computations on platform Host. Devices:
2023-01-31 17:28:23.179910: I tensorflow/compiler/xla/service/service.cc:175]   StreamExecutor device (0): Host, Default Version
2023-01-31 17:29:39.684725: W tensorflow/core/framework/cpu_allocator_impl.cc:81] Allocation of 2415919104 exceeds 10% of system memory.
2023-01-31 17:29:40.853239: W tensorflow/core/framework/cpu_allocator_impl.cc:81] Allocation of 3623878656 exceeds 10% of system memory.
2023-01-31 17:36:57.556996: W tensorflow/core/framework/cpu_allocator_impl.cc:81] Allocation of 2415919104 exceeds 10% of system memory.
2023-01-31 17:36:58.448912: W tensorflow/core/framework/cpu_allocator_impl.cc:81] Allocation of 3623878656 exceeds 10% of system memory.
2023-01-31 17:37:55.000057: W tensorflow/core/framework/cpu_allocator_impl.cc:81] Allocation of 1660944384 exceeds 10% of system memory.
Using TensorFlow backend.

SynthSeg-robust 2.0

using 1 thread
predicting 1/1

segmentation  saved in:    /mnt/isilon/bgdlab_resnas03/Data/16p/derivatives/synthseg+/sub-14735/ses-0031/sub-14735_ses-0031_acq-VARIANTEchoTimeRepetitionTimeObliquity_run-0001_T1w/sub-14735_ses-0031_acq-VARIANTEchoTimeRepetitionTimeObliquity_run-0001_T1w_synthseg.nii.gz
posteriors saved in:       /mnt/isilon/bgdlab_resnas03/Data/16p/derivatives/synthseg+/sub-14735/ses-0031/sub-14735_ses-0031_acq-VARIANTEchoTimeRepetitionTimeObliquity_run-0001_T1w/posterior_probability_maps.nii.gz
volumes saved in:          /mnt/isilon/bgdlab_resnas03/Data/16p/derivatives/synthseg+/sub-14735/ses-0031/sub-14735_ses-0031_acq-VARIANTEchoTimeRepetitionTimeObliquity_run-0001_T1w/volumes.csv
QC scores saved in:        /mnt/isilon/bgdlab_resnas03/Data/16p/derivatives/synthseg+/sub-14735/ses-0031/sub-14735_ses-0031_acq-VARIANTEchoTimeRepetitionTimeObliquity_run-0001_T1w/qc_scores.csv

If you use the new robust version of SynthSeg in a publication, please cite:
Robust Segmentation of Brain MRI in the Wild with Hierarchical CNNs and no Retraining
B. Billot, M. Collin, S.E. Arnold, S. Das, J.E. Iglesias

real	13m38.453s
user	13m1.147s
sys	0m22.086s
Job finished running!
