
2023-01-31 17:09:16.115021: W tensorflow/stream_executor/platform/default/dso_loader.cc:55] Could not load dynamic library 'libcuda.so.1'; dlerror: libcuda.so.1: cannot open shared object file: No such file or directory; LD_LIBRARY_PATH: /cm/shared/apps/slurm/current/lib64/slurm:/cm/shared/apps/slurm/current/lib64
2023-01-31 17:09:16.115305: E tensorflow/stream_executor/cuda/cuda_driver.cc:318] failed call to cuInit: UNKNOWN ERROR (303)
2023-01-31 17:09:16.115349: I tensorflow/stream_executor/cuda/cuda_diagnostics.cc:156] kernel driver does not appear to be running on this host (c-3-22): /proc/driver/nvidia/version does not exist
2023-01-31 17:09:16.115585: I tensorflow/core/platform/cpu_feature_guard.cc:142] Your CPU supports instructions that this TensorFlow binary was not compiled to use: AVX2 FMA
2023-01-31 17:09:16.134511: I tensorflow/core/platform/profile_utils/cpu_utils.cc:94] CPU Frequency: 2497300000 Hz
2023-01-31 17:09:16.134619: I tensorflow/compiler/xla/service/service.cc:168] XLA service 0x555559098790 executing computations on platform Host. Devices:
2023-01-31 17:09:16.134631: I tensorflow/compiler/xla/service/service.cc:175]   StreamExecutor device (0): Host, Default Version
Using TensorFlow backend.

SynthSeg-robust 2.0

using 1 thread
predicting 1/1

segmentation  saved in:    /mnt/isilon/bgdlab_resnas03/Data/16p/derivatives/synthseg+/sub-14726/ses-0013/sub-14726_ses-0013_acq-TSE_run-003_T1w/sub-14726_ses-0013_acq-TSE_run-003_T1w_synthseg.nii.gz
posteriors saved in:       /mnt/isilon/bgdlab_resnas03/Data/16p/derivatives/synthseg+/sub-14726/ses-0013/sub-14726_ses-0013_acq-TSE_run-003_T1w/posterior_probability_maps.nii.gz
volumes saved in:          /mnt/isilon/bgdlab_resnas03/Data/16p/derivatives/synthseg+/sub-14726/ses-0013/sub-14726_ses-0013_acq-TSE_run-003_T1w/volumes.csv
QC scores saved in:        /mnt/isilon/bgdlab_resnas03/Data/16p/derivatives/synthseg+/sub-14726/ses-0013/sub-14726_ses-0013_acq-TSE_run-003_T1w/qc_scores.csv

If you use the new robust version of SynthSeg in a publication, please cite:
Robust Segmentation of Brain MRI in the Wild with Hierarchical CNNs and no Retraining
B. Billot, M. Collin, S.E. Arnold, S. Das, J.E. Iglesias

real	10m41.346s
user	10m17.227s
sys	0m14.617s
Job finished running!
