
2023-01-31 18:39:17.167754: W tensorflow/stream_executor/platform/default/dso_loader.cc:55] Could not load dynamic library 'libcuda.so.1'; dlerror: libcuda.so.1: cannot open shared object file: No such file or directory; LD_LIBRARY_PATH: /cm/shared/apps/slurm/current/lib64/slurm:/cm/shared/apps/slurm/current/lib64
2023-01-31 18:39:17.168108: E tensorflow/stream_executor/cuda/cuda_driver.cc:318] failed call to cuInit: UNKNOWN ERROR (303)
2023-01-31 18:39:17.168196: I tensorflow/stream_executor/cuda/cuda_diagnostics.cc:156] kernel driver does not appear to be running on this host (c-0-05): /proc/driver/nvidia/version does not exist
2023-01-31 18:39:17.168649: I tensorflow/core/platform/cpu_feature_guard.cc:142] Your CPU supports instructions that this TensorFlow binary was not compiled to use: AVX2 FMA
2023-01-31 18:39:17.197024: I tensorflow/core/platform/profile_utils/cpu_utils.cc:94] CPU Frequency: 2197450000 Hz
2023-01-31 18:39:17.197285: I tensorflow/compiler/xla/service/service.cc:168] XLA service 0x5555591d0d60 executing computations on platform Host. Devices:
2023-01-31 18:39:17.197313: I tensorflow/compiler/xla/service/service.cc:175]   StreamExecutor device (0): Host, Default Version
2023-01-31 18:40:56.396967: W tensorflow/core/framework/cpu_allocator_impl.cc:81] Allocation of 3221225472 exceeds 10% of system memory.
2023-01-31 18:40:57.713567: W tensorflow/core/framework/cpu_allocator_impl.cc:81] Allocation of 4831838208 exceeds 10% of system memory.
2023-01-31 18:50:02.480558: W tensorflow/core/framework/cpu_allocator_impl.cc:81] Allocation of 3221225472 exceeds 10% of system memory.
2023-01-31 18:50:03.791198: W tensorflow/core/framework/cpu_allocator_impl.cc:81] Allocation of 4831838208 exceeds 10% of system memory.
Using TensorFlow backend.

SynthSeg-robust 2.0

using 1 thread
predicting 1/1

segmentation  saved in:    /mnt/isilon/bgdlab_resnas03/Data/16p/derivatives/synthseg+/sub-14770/ses-0008/sub-14770_ses-0008_acq-VARIANTEchoTimeRepetitionTimeDim2SizeDim3Size_run-0001_T1w/sub-14770_ses-0008_acq-VARIANTEchoTimeRepetitionTimeDim2SizeDim3Size_run-0001_T1w_synthseg.nii.gz
posteriors saved in:       /mnt/isilon/bgdlab_resnas03/Data/16p/derivatives/synthseg+/sub-14770/ses-0008/sub-14770_ses-0008_acq-VARIANTEchoTimeRepetitionTimeDim2SizeDim3Size_run-0001_T1w/posterior_probability_maps.nii.gz
volumes saved in:          /mnt/isilon/bgdlab_resnas03/Data/16p/derivatives/synthseg+/sub-14770/ses-0008/sub-14770_ses-0008_acq-VARIANTEchoTimeRepetitionTimeDim2SizeDim3Size_run-0001_T1w/volumes.csv
QC scores saved in:        /mnt/isilon/bgdlab_resnas03/Data/16p/derivatives/synthseg+/sub-14770/ses-0008/sub-14770_ses-0008_acq-VARIANTEchoTimeRepetitionTimeDim2SizeDim3Size_run-0001_T1w/qc_scores.csv

If you use the new robust version of SynthSeg in a publication, please cite:
Robust Segmentation of Brain MRI in the Wild with Hierarchical CNNs and no Retraining
B. Billot, M. Collin, S.E. Arnold, S. Das, J.E. Iglesias

real	16m3.193s
user	15m26.298s
sys	0m26.616s
Job finished running!
